<?xml version="1.0" encoding="UTF-8"?>
<testng-results ignored="0" total="1" passed="1" failed="0" skipped="0">
  <reporter-output>
  </reporter-output>
  <suite started-at="2024-03-28T19:30:54 IST" name="Default suite" finished-at="2024-03-28T19:31:00 IST" duration-ms="5302">
    <groups>
    </groups>
    <test started-at="2024-03-28T19:30:54 IST" name="Default test" finished-at="2024-03-28T19:31:00 IST" duration-ms="5302">
      <class name="apptest.TestApp">
        <test-method signature="Main()[pri:0, instance:apptest.TestApp@4567f35d]" started-at="2024-03-28T19:30:54 IST" name="Main" finished-at="2024-03-28T19:31:00 IST" duration-ms="5263" status="PASS">
          <reporter-output>
          </reporter-output>
        </test-method> <!-- Main -->
      </class> <!-- apptest.TestApp -->
    </test> <!-- Default test -->
  </suite> <!-- Default suite -->
</testng-results>
